<?xml version="1.0" encoding="UTF-8"?>
<!-- Generated by org.testng.reporters.JUnitXMLReporter -->
<testsuite ignored="1" hostname="DESKTOP-1T4HPVR" failures="0" tests="1" name="Default test" time="22.368" errors="0" timestamp="2025-07-06T17:51:47 IST">
  <testcase classname="com.mystore.testcases.TC_Product_Page_Test" name="buyproduct" time="15.823"/>
  <testcase classname="com.mystore.testcases.TC_Product_Page_Test" name="testproduct" time="0.0">
    <ignored/>
  </testcase> <!-- testproduct -->
</testsuite> <!-- Default test -->
