<?xml version="1.0" encoding="UTF-8"?>
<!-- Generated by org.testng.reporters.JUnitXMLReporter -->
<testsuite ignored="1" hostname="DESKTOP-1T4HPVR" failures="0" tests="1" name="Test" time="18.286" errors="0" timestamp="2025-07-11T19:14:16 IST">
  <testcase classname="com.mystore.testcases.TC_My_Account_Page_Test" name="verifyandRegistration" time="10.811"/>
  <testcase classname="com.mystore.testcases.TC_My_Account_Page_Test" name="userlogin" time="0.0">
    <ignored/>
  </testcase> <!-- userlogin -->
</testsuite> <!-- Test -->
