<?xml version="1.0" encoding="UTF-8"?>
<!-- Generated by org.testng.reporters.JUnitReportReporter -->
<testsuite hostname="DESKTOP-1T4HPVR" failures="0" tests="2" name="com.mystore.testcases.TC_My_Account_Page_Test" time="17.991" errors="0" timestamp="2025-07-11T19:14:16 IST" skipped="1">
  <testcase classname="com.mystore.testcases.TC_My_Account_Page_Test" name="verifyandRegistration" time="17.991"/>
  <testcase classname="com.mystore.testcases.TC_My_Account_Page_Test" name="userlogin">
    <skipped/>
  </testcase> <!-- userlogin -->
</testsuite> <!-- com.mystore.testcases.TC_My_Account_Page_Test -->
