<?xml version="1.0" encoding="UTF-8"?>
<!-- Generated by org.testng.reporters.JUnitReportReporter -->
<testsuite hostname="DESKTOP-1T4HPVR" failures="0" tests="2" name="com.mystore.testcases.TC_Product_Page_Test" time="34.628" errors="0" timestamp="2025-07-11T19:08:30 IST" skipped="1">
  <testcase classname="com.mystore.testcases.TC_Product_Page_Test" name="buyproduct" time="34.628"/>
  <testcase classname="com.mystore.testcases.TC_Product_Page_Test" name="testproduct">
    <skipped/>
  </testcase> <!-- testproduct -->
</testsuite> <!-- com.mystore.testcases.TC_Product_Page_Test -->
